[13.004s] [34mcolcon[0m [1;30mDEBUG[0m [32mCommand line arguments: ['/usr/bin/colcon', 'build'][0m
[13.004s] [34mcolcon[0m [1;30mDEBUG[0m [32mParsed command line arguments: Namespace(allow_overriding=[], ament_cmake_args=None, base_paths=['.'], build_base='build', catkin_cmake_args=None, catkin_skip_building_tests=False, cmake_args=None, cmake_clean_cache=False, cmake_clean_first=False, cmake_force_configure=False, cmake_target=None, cmake_target_skip_unavailable=False, continue_on_error=False, event_handlers=None, executor='parallel', ignore_user_meta=False, install_base='install', log_base=None, log_level=None, main=<bound method BuildVerb.main of <colcon_core.verb.build.BuildVerb object at 0x7f46757af130>>, merge_install=False, metas=['./colcon.meta'], packages_above=None, packages_above_and_dependencies=None, packages_above_depth=None, packages_end=None, packages_ignore=None, packages_ignore_regex=None, packages_select=None, packages_select_build_failed=False, packages_select_by_dep=None, packages_select_regex=None, packages_select_test_failures=False, packages_skip=None, packages_skip_build_finished=False, packages_skip_by_dep=None, packages_skip_regex=None, packages_skip_test_passed=False, packages_skip_up_to=None, packages_start=None, packages_up_to=None, packages_up_to_regex=None, parallel_workers=4, paths=None, symlink_install=False, test_result_base=None, verb_extension=<colcon_core.verb.build.BuildVerb object at 0x7f46757af130>, verb_name='build', verb_parser=<colcon_defaults.argument_parser.defaults.DefaultArgumentsDecorator object at 0x7f46757027f0>)[0m
[13.783s] [34mcolcon.colcon_core.package_discovery[0m [1;30mLevel 1[0m discover_packages(colcon_meta) check parameters
[13.783s] [34mcolcon.colcon_core.package_discovery[0m [1;30mLevel 1[0m discover_packages(recursive) check parameters
[13.783s] [34mcolcon.colcon_core.package_discovery[0m [1;30mLevel 1[0m discover_packages(ignore) check parameters
[13.783s] [34mcolcon.colcon_core.package_discovery[0m [1;30mLevel 1[0m discover_packages(path) check parameters
[13.784s] [34mcolcon.colcon_core.package_discovery[0m [1;30mLevel 1[0m discover_packages(colcon_meta) discover
[13.784s] [34mcolcon.colcon_core.package_discovery[0m [1;30mLevel 1[0m discover_packages(recursive) discover
[13.784s] [34mcolcon.colcon_core.package_discovery[0m [1;30mINFO[0m Crawling recursively for packages in '/home/zzq/autonomous_dumper/autonomous_dumper_ws'
[13.784s] [34mcolcon.colcon_core.package_identification[0m [1;30mLevel 1[0m _identify(.) by extensions ['ignore', 'ignore_ament_install']
[13.784s] [34mcolcon.colcon_core.package_identification[0m [1;30mLevel 1[0m _identify(.) by extension 'ignore'
[13.784s] [34mcolcon.colcon_core.package_identification[0m [1;30mLevel 1[0m _identify(.) by extension 'ignore_ament_install'
[13.784s] [34mcolcon.colcon_core.package_identification[0m [1;30mLevel 1[0m _identify(.) by extensions ['colcon_pkg']
[13.784s] [34mcolcon.colcon_core.package_identification[0m [1;30mLevel 1[0m _identify(.) by extension 'colcon_pkg'
[13.784s] [34mcolcon.colcon_core.package_identification[0m [1;30mLevel 1[0m _identify(.) by extensions ['colcon_meta']
[13.784s] [34mcolcon.colcon_core.package_identification[0m [1;30mLevel 1[0m _identify(.) by extension 'colcon_meta'
[13.785s] [34mcolcon.colcon_core.package_identification[0m [1;30mLevel 1[0m _identify(.) by extensions ['ros']
[13.785s] [34mcolcon.colcon_core.package_identification[0m [1;30mLevel 1[0m _identify(.) by extension 'ros'
[13.862s] [34mcolcon.colcon_core.package_identification[0m [1;30mLevel 1[0m _identify(.) by extensions ['cmake', 'python']
[13.862s] [34mcolcon.colcon_core.package_identification[0m [1;30mLevel 1[0m _identify(.) by extension 'cmake'
[13.863s] [34mcolcon.colcon_core.package_identification[0m [1;30mLevel 1[0m _identify(.) by extension 'python'
[13.863s] [34mcolcon.colcon_core.package_identification[0m [1;30mLevel 1[0m _identify(.) by extensions ['python_setup_py']
[13.863s] [34mcolcon.colcon_core.package_identification[0m [1;30mLevel 1[0m _identify(.) by extension 'python_setup_py'
[13.863s] [34mcolcon.colcon_core.package_identification[0m [1;30mLevel 1[0m _identify(build) by extensions ['ignore', 'ignore_ament_install']
[13.863s] [34mcolcon.colcon_core.package_identification[0m [1;30mLevel 1[0m _identify(build) by extension 'ignore'
[13.863s] [34mcolcon.colcon_core.package_identification[0m [1;30mLevel 1[0m _identify(build) ignored
[13.863s] [34mcolcon.colcon_core.package_identification[0m [1;30mLevel 1[0m _identify(install) by extensions ['ignore', 'ignore_ament_install']
[13.864s] [34mcolcon.colcon_core.package_identification[0m [1;30mLevel 1[0m _identify(install) by extension 'ignore'
[13.864s] [34mcolcon.colcon_core.package_identification[0m [1;30mLevel 1[0m _identify(install) ignored
[13.864s] [34mcolcon.colcon_core.package_identification[0m [1;30mLevel 1[0m _identify(log) by extensions ['ignore', 'ignore_ament_install']
[13.864s] [34mcolcon.colcon_core.package_identification[0m [1;30mLevel 1[0m _identify(log) by extension 'ignore'
[13.864s] [34mcolcon.colcon_core.package_identification[0m [1;30mLevel 1[0m _identify(log) ignored
[13.864s] [34mcolcon.colcon_core.package_identification[0m [1;30mLevel 1[0m _identify(src) by extensions ['ignore', 'ignore_ament_install']
[13.864s] [34mcolcon.colcon_core.package_identification[0m [1;30mLevel 1[0m _identify(src) by extension 'ignore'
[13.864s] [34mcolcon.colcon_core.package_identification[0m [1;30mLevel 1[0m _identify(src) by extension 'ignore_ament_install'
[13.864s] [34mcolcon.colcon_core.package_identification[0m [1;30mLevel 1[0m _identify(src) by extensions ['colcon_pkg']
[13.864s] [34mcolcon.colcon_core.package_identification[0m [1;30mLevel 1[0m _identify(src) by extension 'colcon_pkg'
[13.865s] [34mcolcon.colcon_core.package_identification[0m [1;30mLevel 1[0m _identify(src) by extensions ['colcon_meta']
[13.865s] [34mcolcon.colcon_core.package_identification[0m [1;30mLevel 1[0m _identify(src) by extension 'colcon_meta'
[13.865s] [34mcolcon.colcon_core.package_identification[0m [1;30mLevel 1[0m _identify(src) by extensions ['ros']
[13.865s] [34mcolcon.colcon_core.package_identification[0m [1;30mLevel 1[0m _identify(src) by extension 'ros'
[13.865s] [34mcolcon.colcon_core.package_identification[0m [1;30mLevel 1[0m _identify(src) by extensions ['cmake', 'python']
[13.865s] [34mcolcon.colcon_core.package_identification[0m [1;30mLevel 1[0m _identify(src) by extension 'cmake'
[13.865s] [34mcolcon.colcon_core.package_identification[0m [1;30mLevel 1[0m _identify(src) by extension 'python'
[13.865s] [34mcolcon.colcon_core.package_identification[0m [1;30mLevel 1[0m _identify(src) by extensions ['python_setup_py']
[13.865s] [34mcolcon.colcon_core.package_identification[0m [1;30mLevel 1[0m _identify(src) by extension 'python_setup_py'
[13.865s] [34mcolcon.colcon_core.package_identification[0m [1;30mLevel 1[0m _identify(src/ROS-TCP-Endpoint-main-ros2) by extensions ['ignore', 'ignore_ament_install']
[13.865s] [34mcolcon.colcon_core.package_identification[0m [1;30mLevel 1[0m _identify(src/ROS-TCP-Endpoint-main-ros2) by extension 'ignore'
[13.865s] [34mcolcon.colcon_core.package_identification[0m [1;30mLevel 1[0m _identify(src/ROS-TCP-Endpoint-main-ros2) by extension 'ignore_ament_install'
[13.865s] [34mcolcon.colcon_core.package_identification[0m [1;30mLevel 1[0m _identify(src/ROS-TCP-Endpoint-main-ros2) by extensions ['colcon_pkg']
[13.866s] [34mcolcon.colcon_core.package_identification[0m [1;30mLevel 1[0m _identify(src/ROS-TCP-Endpoint-main-ros2) by extension 'colcon_pkg'
[13.866s] [34mcolcon.colcon_core.package_identification[0m [1;30mLevel 1[0m _identify(src/ROS-TCP-Endpoint-main-ros2) by extensions ['colcon_meta']
[13.866s] [34mcolcon.colcon_core.package_identification[0m [1;30mLevel 1[0m _identify(src/ROS-TCP-Endpoint-main-ros2) by extension 'colcon_meta'
[13.866s] [34mcolcon.colcon_core.package_identification[0m [1;30mLevel 1[0m _identify(src/ROS-TCP-Endpoint-main-ros2) by extensions ['ros']
[13.866s] [34mcolcon.colcon_core.package_identification[0m [1;30mLevel 1[0m _identify(src/ROS-TCP-Endpoint-main-ros2) by extension 'ros'
[13.942s] [34mcolcon.colcon_core.package_identification[0m [1;30mDEBUG[0m [32mPackage 'src/ROS-TCP-Endpoint-main-ros2' with type 'ros.ament_python' and name 'ros_tcp_endpoint'[0m
[13.942s] [34mcolcon.colcon_core.package_discovery[0m [1;30mLevel 1[0m discover_packages(recursive) using defaults
[13.942s] [34mcolcon.colcon_core.package_discovery[0m [1;30mLevel 1[0m discover_packages(ignore) discover
[13.942s] [34mcolcon.colcon_core.package_discovery[0m [1;30mLevel 1[0m discover_packages(ignore) using defaults
[13.942s] [34mcolcon.colcon_core.package_discovery[0m [1;30mLevel 1[0m discover_packages(path) discover
[13.942s] [34mcolcon.colcon_core.package_discovery[0m [1;30mLevel 1[0m discover_packages(path) using defaults
[14.258s] [34mcolcon.colcon_core.package_discovery[0m [1;30mLevel 1[0m discover_packages(prefix_path) check parameters
[14.258s] [34mcolcon.colcon_core.package_discovery[0m [1;30mLevel 1[0m discover_packages(prefix_path) discover
[14.277s] [34mcolcon.colcon_installed_package_information.package_discovery[0m [1;30mDEBUG[0m [32mFound 290 installed packages in /opt/ros/foxy[0m
[14.280s] [34mcolcon.colcon_core.package_discovery[0m [1;30mLevel 1[0m discover_packages(prefix_path) using defaults
[15.194s] [34mcolcon.colcon_core.verb[0m [1;30mLevel 5[0m set package 'ros_tcp_endpoint' build argument 'cmake_args' from command line to 'None'
[15.194s] [34mcolcon.colcon_core.verb[0m [1;30mLevel 5[0m set package 'ros_tcp_endpoint' build argument 'cmake_target' from command line to 'None'
[15.194s] [34mcolcon.colcon_core.verb[0m [1;30mLevel 5[0m set package 'ros_tcp_endpoint' build argument 'cmake_target_skip_unavailable' from command line to 'False'
[15.194s] [34mcolcon.colcon_core.verb[0m [1;30mLevel 5[0m set package 'ros_tcp_endpoint' build argument 'cmake_clean_cache' from command line to 'False'
[15.194s] [34mcolcon.colcon_core.verb[0m [1;30mLevel 5[0m set package 'ros_tcp_endpoint' build argument 'cmake_clean_first' from command line to 'False'
[15.194s] [34mcolcon.colcon_core.verb[0m [1;30mLevel 5[0m set package 'ros_tcp_endpoint' build argument 'cmake_force_configure' from command line to 'False'
[15.194s] [34mcolcon.colcon_core.verb[0m [1;30mLevel 5[0m set package 'ros_tcp_endpoint' build argument 'ament_cmake_args' from command line to 'None'
[15.194s] [34mcolcon.colcon_core.verb[0m [1;30mLevel 5[0m set package 'ros_tcp_endpoint' build argument 'catkin_cmake_args' from command line to 'None'
[15.194s] [34mcolcon.colcon_core.verb[0m [1;30mLevel 5[0m set package 'ros_tcp_endpoint' build argument 'catkin_skip_building_tests' from command line to 'False'
[15.195s] [34mcolcon.colcon_core.verb[0m [1;30mDEBUG[0m [32mBuilding package 'ros_tcp_endpoint' with the following arguments: {'ament_cmake_args': None, 'build_base': '/home/zzq/autonomous_dumper/autonomous_dumper_ws/build/ros_tcp_endpoint', 'catkin_cmake_args': None, 'catkin_skip_building_tests': False, 'cmake_args': None, 'cmake_clean_cache': False, 'cmake_clean_first': False, 'cmake_force_configure': False, 'cmake_target': None, 'cmake_target_skip_unavailable': False, 'install_base': '/home/zzq/autonomous_dumper/autonomous_dumper_ws/install/ros_tcp_endpoint', 'merge_install': False, 'path': '/home/zzq/autonomous_dumper/autonomous_dumper_ws/src/ROS-TCP-Endpoint-main-ros2', 'symlink_install': False, 'test_result_base': None}[0m
[15.196s] [34mcolcon.colcon_core.executor[0m [1;30mINFO[0m Executing jobs using 'parallel' executor
[15.202s] [34mcolcon.colcon_parallel_executor.executor.parallel[0m [1;30mDEBUG[0m [32mrun_until_complete[0m
[15.203s] [34mcolcon.colcon_ros.task.ament_python.build[0m [1;30mINFO[0m Building ROS package in '/home/zzq/autonomous_dumper/autonomous_dumper_ws/src/ROS-TCP-Endpoint-main-ros2' with build type 'ament_python'
[15.203s] [34mcolcon.colcon_core.shell[0m [1;30mLevel 1[0m create_environment_hook('ros_tcp_endpoint', 'ament_prefix_path')
[16.435s] [34mcolcon.colcon_core.plugin_system[0m [1;30mINFO[0m Skipping extension 'colcon_core.shell.bat': Not used on non-Windows systems
[16.436s] [34mcolcon.colcon_core.shell[0m [1;30mINFO[0m Creating environment hook '/home/zzq/autonomous_dumper/autonomous_dumper_ws/install/ros_tcp_endpoint/share/ros_tcp_endpoint/hook/ament_prefix_path.ps1'
[16.471s] [34mcolcon.colcon_core.shell[0m [1;30mINFO[0m Creating environment descriptor '/home/zzq/autonomous_dumper/autonomous_dumper_ws/install/ros_tcp_endpoint/share/ros_tcp_endpoint/hook/ament_prefix_path.dsv'
[16.502s] [34mcolcon.colcon_core.shell[0m [1;30mINFO[0m Creating environment hook '/home/zzq/autonomous_dumper/autonomous_dumper_ws/install/ros_tcp_endpoint/share/ros_tcp_endpoint/hook/ament_prefix_path.sh'
[16.507s] [34mcolcon.colcon_core.shell[0m [1;30mINFO[0m Skip shell extension 'powershell' for command environment: Not usable outside of PowerShell
[16.507s] [34mcolcon.colcon_core.shell[0m [1;30mDEBUG[0m [32mSkip shell extension 'dsv' for command environment[0m
[17.993s] [34mcolcon.colcon_core.task.python.build[0m [1;30mINFO[0m Building Python package in '/home/zzq/autonomous_dumper/autonomous_dumper_ws/src/ROS-TCP-Endpoint-main-ros2'
[17.996s] [34mcolcon.colcon_core.shell[0m [1;30mINFO[0m Skip shell extension 'powershell' for command environment: Not usable outside of PowerShell
[17.996s] [34mcolcon.colcon_core.shell[0m [1;30mDEBUG[0m [32mSkip shell extension 'dsv' for command environment[0m
[21.756s] [34mcolcon.colcon_core.event_handler.log_command[0m [1;30mDEBUG[0m [32mInvoking command in '/home/zzq/autonomous_dumper/autonomous_dumper_ws/src/ROS-TCP-Endpoint-main-ros2': PYTHONPATH=/home/zzq/autonomous_dumper/autonomous_dumper_ws/build/ros_tcp_endpoint/prefix_override:/home/zzq/autonomous_dumper/autonomous_dumper_ws/install/ros_tcp_endpoint/lib/python3.8/site-packages:${PYTHONPATH} /usr/bin/python3 setup.py egg_info --egg-base ../../build/ros_tcp_endpoint build --build-base /home/zzq/autonomous_dumper/autonomous_dumper_ws/build/ros_tcp_endpoint/build install --record /home/zzq/autonomous_dumper/autonomous_dumper_ws/build/ros_tcp_endpoint/install.log --install-scripts $base/lib/ros_tcp_endpoint --single-version-externally-managed[0m
[25.011s] [34mcolcon.colcon_core.event_handler.log_command[0m [1;30mDEBUG[0m [32mInvoked command in '/home/zzq/autonomous_dumper/autonomous_dumper_ws/src/ROS-TCP-Endpoint-main-ros2' returned '0': PYTHONPATH=/home/zzq/autonomous_dumper/autonomous_dumper_ws/build/ros_tcp_endpoint/prefix_override:/home/zzq/autonomous_dumper/autonomous_dumper_ws/install/ros_tcp_endpoint/lib/python3.8/site-packages:${PYTHONPATH} /usr/bin/python3 setup.py egg_info --egg-base ../../build/ros_tcp_endpoint build --build-base /home/zzq/autonomous_dumper/autonomous_dumper_ws/build/ros_tcp_endpoint/build install --record /home/zzq/autonomous_dumper/autonomous_dumper_ws/build/ros_tcp_endpoint/install.log --install-scripts $base/lib/ros_tcp_endpoint --single-version-externally-managed[0m
[25.208s] [34mcolcon.colcon_core.environment[0m [1;30mLevel 1[0m checking '/home/zzq/autonomous_dumper/autonomous_dumper_ws/install/ros_tcp_endpoint' for CMake module files
[25.209s] [34mcolcon.colcon_core.environment[0m [1;30mLevel 1[0m checking '/home/zzq/autonomous_dumper/autonomous_dumper_ws/install/ros_tcp_endpoint' for CMake config files
[25.210s] [34mcolcon.colcon_core.environment[0m [1;30mLevel 1[0m checking '/home/zzq/autonomous_dumper/autonomous_dumper_ws/install/ros_tcp_endpoint/lib'
[25.210s] [34mcolcon.colcon_core.environment[0m [1;30mLevel 1[0m checking '/home/zzq/autonomous_dumper/autonomous_dumper_ws/install/ros_tcp_endpoint/bin'
[25.211s] [34mcolcon.colcon_core.environment[0m [1;30mLevel 1[0m checking '/home/zzq/autonomous_dumper/autonomous_dumper_ws/install/ros_tcp_endpoint/lib/pkgconfig/ros_tcp_endpoint.pc'
[25.211s] [34mcolcon.colcon_core.environment[0m [1;30mLevel 1[0m checking '/home/zzq/autonomous_dumper/autonomous_dumper_ws/install/ros_tcp_endpoint/lib/python3.8/site-packages'
[25.211s] [34mcolcon.colcon_core.shell[0m [1;30mLevel 1[0m create_environment_hook('ros_tcp_endpoint', 'pythonpath')
[25.214s] [34mcolcon.colcon_core.shell[0m [1;30mINFO[0m Creating environment hook '/home/zzq/autonomous_dumper/autonomous_dumper_ws/install/ros_tcp_endpoint/share/ros_tcp_endpoint/hook/pythonpath.ps1'
[25.215s] [34mcolcon.colcon_core.shell[0m [1;30mINFO[0m Creating environment descriptor '/home/zzq/autonomous_dumper/autonomous_dumper_ws/install/ros_tcp_endpoint/share/ros_tcp_endpoint/hook/pythonpath.dsv'
[25.215s] [34mcolcon.colcon_core.shell[0m [1;30mINFO[0m Creating environment hook '/home/zzq/autonomous_dumper/autonomous_dumper_ws/install/ros_tcp_endpoint/share/ros_tcp_endpoint/hook/pythonpath.sh'
[25.216s] [34mcolcon.colcon_core.environment[0m [1;30mLevel 1[0m checking '/home/zzq/autonomous_dumper/autonomous_dumper_ws/install/ros_tcp_endpoint/bin'
[25.216s] [34mcolcon.colcon_core.environment[0m [1;30mLevel 1[0m create_environment_scripts_only(ros_tcp_endpoint)
[25.219s] [34mcolcon.colcon_core.shell[0m [1;30mINFO[0m Creating package script '/home/zzq/autonomous_dumper/autonomous_dumper_ws/install/ros_tcp_endpoint/share/ros_tcp_endpoint/package.ps1'
[25.231s] [34mcolcon.colcon_core.shell[0m [1;30mINFO[0m Creating package descriptor '/home/zzq/autonomous_dumper/autonomous_dumper_ws/install/ros_tcp_endpoint/share/ros_tcp_endpoint/package.dsv'
[25.258s] [34mcolcon.colcon_core.shell[0m [1;30mINFO[0m Creating package script '/home/zzq/autonomous_dumper/autonomous_dumper_ws/install/ros_tcp_endpoint/share/ros_tcp_endpoint/package.sh'
[25.260s] [34mcolcon.colcon_core.shell[0m [1;30mINFO[0m Creating package script '/home/zzq/autonomous_dumper/autonomous_dumper_ws/install/ros_tcp_endpoint/share/ros_tcp_endpoint/package.bash'
[25.318s] [34mcolcon.colcon_core.shell[0m [1;30mINFO[0m Creating package script '/home/zzq/autonomous_dumper/autonomous_dumper_ws/install/ros_tcp_endpoint/share/ros_tcp_endpoint/package.zsh'
[25.344s] [34mcolcon.colcon_core.environment[0m [1;30mLevel 1[0m create_file_with_runtime_dependencies(/home/zzq/autonomous_dumper/autonomous_dumper_ws/install/ros_tcp_endpoint/share/colcon-core/packages/ros_tcp_endpoint)
[25.345s] [34mcolcon.colcon_parallel_executor.executor.parallel[0m [1;30mDEBUG[0m [32mclosing loop[0m
[25.346s] [34mcolcon.colcon_parallel_executor.executor.parallel[0m [1;30mDEBUG[0m [32mloop closed[0m
[25.346s] [34mcolcon.colcon_parallel_executor.executor.parallel[0m [1;30mDEBUG[0m [32mrun_until_complete finished with '0'[0m
[25.346s] [34mcolcon.colcon_core.event_reactor[0m [1;30mDEBUG[0m [32mjoining thread[0m
[25.681s] [34mcolcon.colcon_core.plugin_system[0m [1;30mINFO[0m Skipping extension 'colcon_notification.desktop_notification.terminal_notifier': Not used on non-Darwin systems
[25.682s] [34mcolcon.colcon_core.plugin_system[0m [1;30mINFO[0m Skipping extension 'colcon_notification.desktop_notification.win32': Not used on non-Windows systems
[25.682s] [34mcolcon.colcon_notification.desktop_notification[0m [1;30mINFO[0m Sending desktop notification using 'notify2'
[27.851s] [34mcolcon.colcon_core.event_reactor[0m [1;30mDEBUG[0m [32mjoined thread[0m
[27.855s] [34mcolcon.colcon_core.shell[0m [1;30mINFO[0m Creating prefix script '/home/zzq/autonomous_dumper/autonomous_dumper_ws/install/local_setup.ps1'
[27.898s] [34mcolcon.colcon_core.shell[0m [1;30mINFO[0m Creating prefix util module '/home/zzq/autonomous_dumper/autonomous_dumper_ws/install/_local_setup_util_ps1.py'
[27.938s] [34mcolcon.colcon_core.shell[0m [1;30mINFO[0m Creating prefix chain script '/home/zzq/autonomous_dumper/autonomous_dumper_ws/install/setup.ps1'
[27.947s] [34mcolcon.colcon_core.shell[0m [1;30mINFO[0m Creating prefix script '/home/zzq/autonomous_dumper/autonomous_dumper_ws/install/local_setup.sh'
[27.948s] [34mcolcon.colcon_core.shell[0m [1;30mINFO[0m Creating prefix util module '/home/zzq/autonomous_dumper/autonomous_dumper_ws/install/_local_setup_util_sh.py'
[27.949s] [34mcolcon.colcon_core.shell[0m [1;30mINFO[0m Creating prefix chain script '/home/zzq/autonomous_dumper/autonomous_dumper_ws/install/setup.sh'
[27.982s] [34mcolcon.colcon_core.shell[0m [1;30mINFO[0m Creating prefix script '/home/zzq/autonomous_dumper/autonomous_dumper_ws/install/local_setup.bash'
[28.029s] [34mcolcon.colcon_core.shell[0m [1;30mINFO[0m Creating prefix chain script '/home/zzq/autonomous_dumper/autonomous_dumper_ws/install/setup.bash'
[28.059s] [34mcolcon.colcon_core.shell[0m [1;30mINFO[0m Creating prefix script '/home/zzq/autonomous_dumper/autonomous_dumper_ws/install/local_setup.zsh'
[28.130s] [34mcolcon.colcon_core.shell[0m [1;30mINFO[0m Creating prefix chain script '/home/zzq/autonomous_dumper/autonomous_dumper_ws/install/setup.zsh'
